<?xml version="1.0" encoding="UTF-8"?>
<testng-results ignored="0" total="1" passed="1" failed="0" skipped="0">
  <reporter-output>
  </reporter-output>
  <suite started-at="2023-11-18T18:07:13Z" name="Suite1" finished-at="2023-11-18T18:07:13Z" duration-ms="418">
    <groups>
      <group name="cucumber">
        <method signature="AbstractTestNGCucumberTests.runScenario(io.cucumber.testng.PickleWrapper, io.cucumber.testng.FeatureWrapper)[pri:0, instance:runners.smoketest@6cce16f4]" name="runScenario" class="io.cucumber.testng.AbstractTestNGCucumberTests"/>
      </group> <!-- cucumber -->
    </groups>
    <test started-at="2023-11-18T18:07:13Z" name="SmokeTest" finished-at="2023-11-18T18:07:13Z" duration-ms="418">
      <class name="runners.smoketest">
        <test-method is-config="true" signature="setUpClass(org.testng.ITestContext)[pri:0, instance:runners.smoketest@6cce16f4]" started-at="2023-11-18T18:07:13Z" name="setUpClass" finished-at="2023-11-18T18:07:13Z" duration-ms="287" status="PASS">
          <params>
            <param index="0">
              <value>
                <![CDATA[org.testng.TestRunner@5ef8df1e]]>
              </value>
            </param>
          </params>
          <reporter-output>
          </reporter-output>
        </test-method> <!-- setUpClass -->
        <test-method signature="runScenario(io.cucumber.testng.PickleWrapper, io.cucumber.testng.FeatureWrapper)[pri:0, instance:runners.smoketest@6cce16f4]" started-at="2023-11-18T18:07:13Z" name="runScenario" description="Runs Cucumber Scenarios" data-provider="scenarios" finished-at="2023-11-18T18:07:13Z" duration-ms="107" status="PASS">
          <params>
            <param index="0">
              <value>
                <![CDATA["Login into gcrshop administrator page"]]>
              </value>
            </param>
            <param index="1">
              <value>
                <![CDATA["Login gcrshop account"]]>
              </value>
            </param>
          </params>
          <reporter-output>
          </reporter-output>
        </test-method> <!-- runScenario -->
        <test-method is-config="true" signature="tearDownClass()[pri:0, instance:runners.smoketest@6cce16f4]" started-at="2023-11-18T18:07:13Z" name="tearDownClass" finished-at="2023-11-18T18:07:13Z" duration-ms="2" status="PASS">
          <reporter-output>
          </reporter-output>
        </test-method> <!-- tearDownClass -->
      </class> <!-- runners.smoketest -->
    </test> <!-- SmokeTest -->
  </suite> <!-- Suite1 -->
</testng-results>
